<?xml version="1.0" encoding="UTF-8"?>
<!-- Generated by org.testng.reporters.JUnitXMLReporter -->
<testsuite ignored="0" hostname="LAPTOP-C1873E79" failures="0" tests="6" name="invalid Email Test" time="298.23" errors="0" timestamp="2021-01-31T23:04:14 GMT-05:00">
  <testcase classname="test.LoginTest" name="invalidEmailTest" time="27.433"/>
  <testcase classname="test.UrlAndTitleTest" name="urlAndTitleTest" time="0.038"/>
  <testcase classname="test.NavigationTests" name="NavigationToAmazonPayTest" time="7.759"/>
  <testcase classname="test.NavigationTests" name="NavigationToNewReleasesTest" time="2.299"/>
  <testcase classname="test.NavigationTests" name="wishlistNavigationTest" time="4.487"/>
  <testcase classname="test.MobileTest" name="mobileTest" time="115.34"/>
</testsuite> <!-- invalid Email Test -->
