<?xml version="1.0" encoding="UTF-8"?>
<testng-results ignored="0" total="6" passed="6" failed="0" skipped="0">
  <reporter-output>
  </reporter-output>
  <suite started-at="2021-01-31T22:59:15 GMT-05:00" name="Suite" finished-at="2021-01-31T23:04:13 GMT-05:00" duration-ms="298230">
    <groups>
    </groups>
    <test started-at="2021-01-31T22:59:15 GMT-05:00" name="invalid Email Test" finished-at="2021-01-31T23:04:13 GMT-05:00" duration-ms="298230">
      <class name="test.MobileTest">
        <test-method is-config="true" signature="launchURL()[pri:0, instance:test.MobileTest@4f67eb2a]" started-at="2021-01-31T23:02:01 GMT-05:00" name="launchURL" finished-at="2021-01-31T23:02:16 GMT-05:00" duration-ms="15266" status="PASS">
          <reporter-output>
          </reporter-output>
        </test-method> <!-- launchURL -->
        <test-method signature="mobileTest()[pri:0, instance:test.MobileTest@4f67eb2a]" started-at="2021-01-31T23:02:16 GMT-05:00" name="mobileTest" description="Mobile Test" finished-at="2021-01-31T23:04:12 GMT-05:00" duration-ms="115340" status="PASS">
          <reporter-output>
          </reporter-output>
        </test-method> <!-- mobileTest -->
        <test-method is-config="true" signature="tearDown()[pri:0, instance:test.MobileTest@4f67eb2a]" started-at="2021-01-31T23:04:12 GMT-05:00" name="tearDown" finished-at="2021-01-31T23:04:13 GMT-05:00" duration-ms="1776" status="PASS">
          <reporter-output>
          </reporter-output>
        </test-method> <!-- tearDown -->
      </class> <!-- test.MobileTest -->
      <class name="test.LoginTest">
        <test-method is-config="true" signature="launchURL()[pri:0, instance:test.LoginTest@53aad5d5]" started-at="2021-01-31T22:59:15 GMT-05:00" name="launchURL" finished-at="2021-01-31T23:00:11 GMT-05:00" duration-ms="56244" status="PASS">
          <reporter-output>
          </reporter-output>
        </test-method> <!-- launchURL -->
        <test-method signature="invalidEmailTest(java.lang.String)[pri:0, instance:test.LoginTest@53aad5d5]" started-at="2021-01-31T23:00:11 GMT-05:00" name="invalidEmailTest" description="Invalid email test" finished-at="2021-01-31T23:00:39 GMT-05:00" duration-ms="27433" status="PASS">
          <params>
            <param index="0">
              <value>
                <![CDATA[invalidEmail]]>
              </value>
            </param>
          </params>
          <reporter-output>
          </reporter-output>
        </test-method> <!-- invalidEmailTest -->
        <test-method is-config="true" signature="tearDown()[pri:0, instance:test.LoginTest@53aad5d5]" started-at="2021-01-31T23:00:39 GMT-05:00" name="tearDown" finished-at="2021-01-31T23:00:42 GMT-05:00" duration-ms="2804" status="PASS">
          <reporter-output>
          </reporter-output>
        </test-method> <!-- tearDown -->
      </class> <!-- test.LoginTest -->
      <class name="test.NavigationTests">
        <test-method is-config="true" signature="launchURL()[pri:0, instance:test.NavigationTests@1fb700ee]" started-at="2021-01-31T23:01:04 GMT-05:00" name="launchURL" finished-at="2021-01-31T23:01:23 GMT-05:00" duration-ms="18726" status="PASS">
          <reporter-output>
          </reporter-output>
        </test-method> <!-- launchURL -->
        <test-method signature="NavigationToAmazonPayTest()[pri:0, instance:test.NavigationTests@1fb700ee]" started-at="2021-01-31T23:01:23 GMT-05:00" name="NavigationToAmazonPayTest" description="Navigation to AmazonPay test" finished-at="2021-01-31T23:01:31 GMT-05:00" duration-ms="7759" status="PASS">
          <reporter-output>
          </reporter-output>
        </test-method> <!-- NavigationToAmazonPayTest -->
        <test-method is-config="true" signature="tearDown()[pri:0, instance:test.NavigationTests@1fb700ee]" started-at="2021-01-31T23:01:31 GMT-05:00" name="tearDown" finished-at="2021-01-31T23:01:31 GMT-05:00" duration-ms="827" status="PASS">
          <reporter-output>
          </reporter-output>
        </test-method> <!-- tearDown -->
        <test-method is-config="true" signature="launchURL()[pri:0, instance:test.NavigationTests@1fb700ee]" started-at="2021-01-31T23:01:31 GMT-05:00" name="launchURL" finished-at="2021-01-31T23:01:42 GMT-05:00" duration-ms="10803" status="PASS">
          <reporter-output>
          </reporter-output>
        </test-method> <!-- launchURL -->
        <test-method signature="NavigationToNewReleasesTest()[pri:0, instance:test.NavigationTests@1fb700ee]" started-at="2021-01-31T23:01:42 GMT-05:00" name="NavigationToNewReleasesTest" description="Navigation to New Releases test" finished-at="2021-01-31T23:01:45 GMT-05:00" duration-ms="2299" status="PASS">
          <reporter-output>
          </reporter-output>
        </test-method> <!-- NavigationToNewReleasesTest -->
        <test-method is-config="true" signature="tearDown()[pri:0, instance:test.NavigationTests@1fb700ee]" started-at="2021-01-31T23:01:45 GMT-05:00" name="tearDown" finished-at="2021-01-31T23:01:46 GMT-05:00" duration-ms="1272" status="PASS">
          <reporter-output>
          </reporter-output>
        </test-method> <!-- tearDown -->
        <test-method is-config="true" signature="launchURL()[pri:0, instance:test.NavigationTests@1fb700ee]" started-at="2021-01-31T23:01:46 GMT-05:00" name="launchURL" finished-at="2021-01-31T23:01:55 GMT-05:00" duration-ms="9582" status="PASS">
          <reporter-output>
          </reporter-output>
        </test-method> <!-- launchURL -->
        <test-method signature="wishlistNavigationTest()[pri:0, instance:test.NavigationTests@1fb700ee]" started-at="2021-01-31T23:01:55 GMT-05:00" name="wishlistNavigationTest" description="Navigation to wishlist test" finished-at="2021-01-31T23:02:00 GMT-05:00" duration-ms="4487" status="PASS">
          <reporter-output>
          </reporter-output>
        </test-method> <!-- wishlistNavigationTest -->
        <test-method is-config="true" signature="tearDown()[pri:0, instance:test.NavigationTests@1fb700ee]" started-at="2021-01-31T23:02:00 GMT-05:00" name="tearDown" finished-at="2021-01-31T23:02:01 GMT-05:00" duration-ms="1134" status="PASS">
          <reporter-output>
          </reporter-output>
        </test-method> <!-- tearDown -->
      </class> <!-- test.NavigationTests -->
      <class name="test.UrlAndTitleTest">
        <test-method is-config="true" signature="launchURL()[pri:0, instance:test.UrlAndTitleTest@46fa7c39]" started-at="2021-01-31T23:00:42 GMT-05:00" name="launchURL" finished-at="2021-01-31T23:01:02 GMT-05:00" duration-ms="19833" status="PASS">
          <reporter-output>
          </reporter-output>
        </test-method> <!-- launchURL -->
        <test-method signature="urlAndTitleTest()[pri:0, instance:test.UrlAndTitleTest@46fa7c39]" started-at="2021-01-31T23:01:02 GMT-05:00" name="urlAndTitleTest" description="URL and title test" finished-at="2021-01-31T23:01:02 GMT-05:00" duration-ms="38" status="PASS">
          <reporter-output>
          </reporter-output>
        </test-method> <!-- urlAndTitleTest -->
        <test-method is-config="true" signature="tearDown()[pri:0, instance:test.UrlAndTitleTest@46fa7c39]" started-at="2021-01-31T23:01:02 GMT-05:00" name="tearDown" finished-at="2021-01-31T23:01:04 GMT-05:00" duration-ms="2531" status="PASS">
          <reporter-output>
          </reporter-output>
        </test-method> <!-- tearDown -->
      </class> <!-- test.UrlAndTitleTest -->
    </test> <!-- invalid Email Test -->
  </suite> <!-- Suite -->
</testng-results>
