<?xml version="1.0" encoding="UTF-8"?>
<testsuite xmlns:xsi="http://www.w3.org/2001/XMLSchema-instance" xsi:noNamespaceSchemaLocation="https://maven.apache.org/surefire/maven-surefire-plugin/xsd/surefire-test-report-3.0.xsd" version="3.0" name="TestSuite" time="301.84" tests="6" errors="0" skipped="0" failures="0">
  <properties>
[...]
</properties>
  <testcase name="invalidEmailTest[invalidEmail](1)" classname="test.LoginTest" time="27.395">
    <system-out><![CDATA[got the url from datalist.json -->http://amzn.in
F:\Adhyayan\TCS_Training\SeleniumTraining\project_II_edureka\src\test\resources\executables\chromedriver.exe
************Browser launched --> chrome**************
]]></system-out>
    <system-err><![CDATA[Starting ChromeDriver 88.0.4324.96 (68dba2d8a0b149a1d3afac56fa74648032bcf46b-refs/branch-heads/4324@{#1784}) on port 20725
Only local connections are allowed.
Please see https://chromedriver.chromium.org/security-considerations for suggestions on keeping ChromeDriver safe.
ChromeDriver was started successfully.
Jan 31, 2021 10:59:44 PM org.openqa.selenium.remote.ProtocolHandshake createSession
INFO: Detected dialect: W3C
]]></system-err>
  </testcase>
  <testcase name="urlAndTitleTest" classname="test.UrlAndTitleTest" time="0.021">
    <system-out><![CDATA[************Calling TearDown*************
============Test finished Browser Closed -->chrome=========
got the url from datalist.json -->http://amzn.in
F:\Adhyayan\TCS_Training\SeleniumTraining\project_II_edureka\src\test\resources\executables\chromedriver.exe
************Browser launched --> chrome**************
]]></system-out>
    <system-err><![CDATA[Starting ChromeDriver 88.0.4324.96 (68dba2d8a0b149a1d3afac56fa74648032bcf46b-refs/branch-heads/4324@{#1784}) on port 45322
Only local connections are allowed.
Please see https://chromedriver.chromium.org/security-considerations for suggestions on keeping ChromeDriver safe.
ChromeDriver was started successfully.
Jan 31, 2021 11:00:55 PM org.openqa.selenium.remote.ProtocolHandshake createSession
INFO: Detected dialect: W3C
]]></system-err>
  </testcase>
  <testcase name="NavigationToAmazonPayTest" classname="test.NavigationTests" time="7.745">
    <system-out><![CDATA[************Calling TearDown*************
============Test finished Browser Closed -->chrome=========
got the url from datalist.json -->http://amzn.in
F:\Adhyayan\TCS_Training\SeleniumTraining\project_II_edureka\src\test\resources\executables\chromedriver.exe
************Browser launched --> chrome**************
]]></system-out>
    <system-err><![CDATA[Starting ChromeDriver 88.0.4324.96 (68dba2d8a0b149a1d3afac56fa74648032bcf46b-refs/branch-heads/4324@{#1784}) on port 11369
Only local connections are allowed.
Please see https://chromedriver.chromium.org/security-considerations for suggestions on keeping ChromeDriver safe.
ChromeDriver was started successfully.
Jan 31, 2021 11:01:07 PM org.openqa.selenium.remote.ProtocolHandshake createSession
INFO: Detected dialect: W3C
]]></system-err>
  </testcase>
  <testcase name="NavigationToNewReleasesTest" classname="test.NavigationTests" time="2.278">
    <system-out><![CDATA[************Calling TearDown*************
============Test finished Browser Closed -->chrome=========
got the url from datalist.json -->http://amzn.in
F:\Adhyayan\TCS_Training\SeleniumTraining\project_II_edureka\src\test\resources\executables\chromedriver.exe
************Browser launched --> chrome**************
]]></system-out>
    <system-err><![CDATA[Starting ChromeDriver 88.0.4324.96 (68dba2d8a0b149a1d3afac56fa74648032bcf46b-refs/branch-heads/4324@{#1784}) on port 27217
Only local connections are allowed.
Please see https://chromedriver.chromium.org/security-considerations for suggestions on keeping ChromeDriver safe.
ChromeDriver was started successfully.
Jan 31, 2021 11:01:35 PM org.openqa.selenium.remote.ProtocolHandshake createSession
INFO: Detected dialect: W3C
]]></system-err>
  </testcase>
  <testcase name="wishlistNavigationTest" classname="test.NavigationTests" time="4.465">
    <system-out><![CDATA[************Calling TearDown*************
============Test finished Browser Closed -->chrome=========
got the url from datalist.json -->http://amzn.in
F:\Adhyayan\TCS_Training\SeleniumTraining\project_II_edureka\src\test\resources\executables\chromedriver.exe
************Browser launched --> chrome**************
]]></system-out>
    <system-err><![CDATA[Starting ChromeDriver 88.0.4324.96 (68dba2d8a0b149a1d3afac56fa74648032bcf46b-refs/branch-heads/4324@{#1784}) on port 19665
Only local connections are allowed.
Please see https://chromedriver.chromium.org/security-considerations for suggestions on keeping ChromeDriver safe.
ChromeDriver was started successfully.
Jan 31, 2021 11:01:49 PM org.openqa.selenium.remote.ProtocolHandshake createSession
INFO: Detected dialect: W3C
]]></system-err>
  </testcase>
  <testcase name="mobileTest" classname="test.MobileTest" time="115.346">
    <system-out><![CDATA[************Calling TearDown*************
============Test finished Browser Closed -->chrome=========
got the url from datalist.json -->http://amzn.in
F:\Adhyayan\TCS_Training\SeleniumTraining\project_II_edureka\src\test\resources\executables\chromedriver.exe
************Browser launched --> chrome**************
firstWindow CDwindow-4B1F9309CA61B6B95E9A929A9CF02EC5
secondWindow CDwindow-B056F10E7658CB1BA0583BE2E0BBD9FA
CDwindow-4B1F9309CA61B6B95E9A929A9CF02EC5CDwindow-B056F10E7658CB1BA0583BE2E0BBD9FACDwindow-ACA299D171393B9CAEFD301B62E44C66switched To:-CDwindow-4B1F9309CA61B6B95E9A929A9CF02EC5
]]></system-out>
    <system-err><![CDATA[Starting ChromeDriver 88.0.4324.96 (68dba2d8a0b149a1d3afac56fa74648032bcf46b-refs/branch-heads/4324@{#1784}) on port 44503
Only local connections are allowed.
Please see https://chromedriver.chromium.org/security-considerations for suggestions on keeping ChromeDriver safe.
ChromeDriver was started successfully.
Jan 31, 2021 11:02:04 PM org.openqa.selenium.remote.ProtocolHandshake createSession
INFO: Detected dialect: W3C
]]></system-err>
  </testcase>
</testsuite>