<?xml version="1.0" encoding="UTF-8"?>
<testng-results ignored="0" total="6" passed="5" failed="1" skipped="0">
  <reporter-output>
  </reporter-output>
  <suite started-at="2021-01-31T21:48:55 GMT-05:00" name="Suite" finished-at="2021-01-31T21:51:16 GMT-05:00" duration-ms="140904">
    <groups>
    </groups>
    <test started-at="2021-01-31T21:48:55 GMT-05:00" name="invalid Email Test" finished-at="2021-01-31T21:51:16 GMT-05:00" duration-ms="140904">
      <class name="test.MobileTest">
        <test-method is-config="true" signature="launchURL()[pri:0, instance:test.MobileTest@1cbb87f3]" started-at="2021-01-31T21:50:01 GMT-05:00" name="launchURL" finished-at="2021-01-31T21:50:12 GMT-05:00" duration-ms="11104" status="PASS">
          <reporter-output>
          </reporter-output>
        </test-method> <!-- launchURL -->
        <test-method signature="mobileTest()[pri:0, instance:test.MobileTest@1cbb87f3]" started-at="2021-01-31T21:50:12 GMT-05:00" name="mobileTest" description="Mobile Test" finished-at="2021-01-31T21:51:15 GMT-05:00" duration-ms="62685" status="PASS">
          <reporter-output>
          </reporter-output>
        </test-method> <!-- mobileTest -->
        <test-method is-config="true" signature="tearDown()[pri:0, instance:test.MobileTest@1cbb87f3]" started-at="2021-01-31T21:51:15 GMT-05:00" name="tearDown" finished-at="2021-01-31T21:51:16 GMT-05:00" duration-ms="1307" status="PASS">
          <reporter-output>
          </reporter-output>
        </test-method> <!-- tearDown -->
      </class> <!-- test.MobileTest -->
      <class name="test.NavigationTests">
        <test-method is-config="true" signature="launchURL()[pri:0, instance:test.NavigationTests@a2431d0]" started-at="2021-01-31T21:49:18 GMT-05:00" name="launchURL" finished-at="2021-01-31T21:49:27 GMT-05:00" duration-ms="8886" status="PASS">
          <reporter-output>
          </reporter-output>
        </test-method> <!-- launchURL -->
        <test-method signature="NavigationToAmazonPayTest()[pri:0, instance:test.NavigationTests@a2431d0]" started-at="2021-01-31T21:49:27 GMT-05:00" name="NavigationToAmazonPayTest" description="Navigation to AmazonPay test" finished-at="2021-01-31T21:49:29 GMT-05:00" duration-ms="2123" status="PASS">
          <reporter-output>
          </reporter-output>
        </test-method> <!-- NavigationToAmazonPayTest -->
        <test-method is-config="true" signature="tearDown()[pri:0, instance:test.NavigationTests@a2431d0]" started-at="2021-01-31T21:49:29 GMT-05:00" name="tearDown" finished-at="2021-01-31T21:49:30 GMT-05:00" duration-ms="1266" status="PASS">
          <reporter-output>
          </reporter-output>
        </test-method> <!-- tearDown -->
        <test-method is-config="true" signature="launchURL()[pri:0, instance:test.NavigationTests@a2431d0]" started-at="2021-01-31T21:49:30 GMT-05:00" name="launchURL" finished-at="2021-01-31T21:49:39 GMT-05:00" duration-ms="8746" status="PASS">
          <reporter-output>
          </reporter-output>
        </test-method> <!-- launchURL -->
        <test-method signature="NavigationToNewReleasesTest()[pri:0, instance:test.NavigationTests@a2431d0]" started-at="2021-01-31T21:49:39 GMT-05:00" name="NavigationToNewReleasesTest" description="Navigation to New Releases test" finished-at="2021-01-31T21:49:44 GMT-05:00" duration-ms="5122" status="FAIL">
          <exception class="org.openqa.selenium.NoSuchElementException">
            <message>
              <![CDATA[no such element: Unable to locate element: {"method":"xpath","selector":"//a[contains(@data-csa-c-content-id, 'nav_cs_newReleases')]"}
  (Session info: chrome=88.0.4324.104)
For documentation on this error, please visit: https://www.seleniumhq.org/exceptions/no_such_element.html
Build info: version: '3.141.59', revision: 'e82be7d358', time: '2018-11-14T08:17:03'
System info: host: 'LAPTOP-C1873E79', ip: '192.168.0.35', os.name: 'Windows 10', os.arch: 'amd64', os.version: '10.0', java.version: '11.0.9'
Driver info: org.openqa.selenium.chrome.ChromeDriver
Capabilities {acceptInsecureCerts: false, browserName: chrome, browserVersion: 88.0.4324.104, chrome: {chromedriverVersion: 88.0.4324.96 (68dba2d8a0b14..., userDataDir: C:\Users\sandeep\AppData\Lo...}, goog:chromeOptions: {debuggerAddress: localhost:63093}, javascriptEnabled: true, networkConnectionEnabled: false, pageLoadStrategy: normal, platform: WINDOWS, platformName: WINDOWS, proxy: Proxy(), setWindowRect: true, strictFileInteractability: false, timeouts: {implicit: 0, pageLoad: 300000, script: 30000}, unhandledPromptBehavior: dismiss and notify, webauthn:extension:largeBlob: true, webauthn:virtualAuthenticators: true}
Session ID: ba9102af985422aeb30f0ace25557d77
*** Element info: {Using=xpath, value=//a[contains(@data-csa-c-content-id, 'nav_cs_newReleases')]}]]>
            </message>
            <full-stacktrace>
              <![CDATA[org.openqa.selenium.NoSuchElementException: no such element: Unable to locate element: {"method":"xpath","selector":"//a[contains(@data-csa-c-content-id, 'nav_cs_newReleases')]"}
  (Session info: chrome=88.0.4324.104)
For documentation on this error, please visit: https://www.seleniumhq.org/exceptions/no_such_element.html
Build info: version: '3.141.59', revision: 'e82be7d358', time: '2018-11-14T08:17:03'
System info: host: 'LAPTOP-C1873E79', ip: '192.168.0.35', os.name: 'Windows 10', os.arch: 'amd64', os.version: '10.0', java.version: '11.0.9'
Driver info: org.openqa.selenium.chrome.ChromeDriver
Capabilities {acceptInsecureCerts: false, browserName: chrome, browserVersion: 88.0.4324.104, chrome: {chromedriverVersion: 88.0.4324.96 (68dba2d8a0b14..., userDataDir: C:\Users\sandeep\AppData\Lo...}, goog:chromeOptions: {debuggerAddress: localhost:63093}, javascriptEnabled: true, networkConnectionEnabled: false, pageLoadStrategy: normal, platform: WINDOWS, platformName: WINDOWS, proxy: Proxy(), setWindowRect: true, strictFileInteractability: false, timeouts: {implicit: 0, pageLoad: 300000, script: 30000}, unhandledPromptBehavior: dismiss and notify, webauthn:extension:largeBlob: true, webauthn:virtualAuthenticators: true}
Session ID: ba9102af985422aeb30f0ace25557d77
*** Element info: {Using=xpath, value=//a[contains(@data-csa-c-content-id, 'nav_cs_newReleases')]}
at java.base/jdk.internal.reflect.NativeConstructorAccessorImpl.newInstance0(Native Method)
at java.base/jdk.internal.reflect.NativeConstructorAccessorImpl.newInstance(NativeConstructorAccessorImpl.java:62)
at java.base/jdk.internal.reflect.DelegatingConstructorAccessorImpl.newInstance(DelegatingConstructorAccessorImpl.java:45)
at java.base/java.lang.reflect.Constructor.newInstance(Constructor.java:490)
at org.openqa.selenium.remote.http.W3CHttpResponseCodec.createException(W3CHttpResponseCodec.java:187)
at org.openqa.selenium.remote.http.W3CHttpResponseCodec.decode(W3CHttpResponseCodec.java:122)
at org.openqa.selenium.remote.http.W3CHttpResponseCodec.decode(W3CHttpResponseCodec.java:49)
at org.openqa.selenium.remote.HttpCommandExecutor.execute(HttpCommandExecutor.java:158)
at org.openqa.selenium.remote.service.DriverCommandExecutor.execute(DriverCommandExecutor.java:83)
at org.openqa.selenium.remote.RemoteWebDriver.execute(RemoteWebDriver.java:552)
at org.openqa.selenium.remote.RemoteWebDriver.findElement(RemoteWebDriver.java:323)
at org.openqa.selenium.remote.RemoteWebDriver.findElementByXPath(RemoteWebDriver.java:428)
at org.openqa.selenium.By$ByXPath.findElement(By.java:353)
at org.openqa.selenium.remote.RemoteWebDriver.findElement(RemoteWebDriver.java:315)
at org.openqa.selenium.support.pagefactory.DefaultElementLocator.findElement(DefaultElementLocator.java:69)
at org.openqa.selenium.support.pagefactory.internal.LocatingElementHandler.invoke(LocatingElementHandler.java:38)
at com.sun.proxy.$Proxy14.click(Unknown Source)
at pages.NavigationPage.clickOnNewReleases(NavigationPage.java:134)
at utils.Action.navigateToNewReleases(Action.java:196)
at test.NavigationTests.NavigationToNewReleasesTest(NavigationTests.java:30)
at java.base/jdk.internal.reflect.NativeMethodAccessorImpl.invoke0(Native Method)
at java.base/jdk.internal.reflect.NativeMethodAccessorImpl.invoke(NativeMethodAccessorImpl.java:62)
at java.base/jdk.internal.reflect.DelegatingMethodAccessorImpl.invoke(DelegatingMethodAccessorImpl.java:43)
at java.base/java.lang.reflect.Method.invoke(Method.java:566)
at org.testng.internal.MethodInvocationHelper.invokeMethod(MethodInvocationHelper.java:132)
at org.testng.internal.TestInvoker.invokeMethod(TestInvoker.java:599)
at org.testng.internal.TestInvoker.invokeTestMethod(TestInvoker.java:174)
at org.testng.internal.MethodRunner.runInSequence(MethodRunner.java:46)
at org.testng.internal.TestInvoker$MethodInvocationAgent.invoke(TestInvoker.java:822)
at org.testng.internal.TestInvoker.invokeTestMethods(TestInvoker.java:147)
at org.testng.internal.TestMethodWorker.invokeTestMethods(TestMethodWorker.java:146)
at org.testng.internal.TestMethodWorker.run(TestMethodWorker.java:128)
at java.base/java.util.ArrayList.forEach(ArrayList.java:1541)
at org.testng.TestRunner.privateRun(TestRunner.java:764)
at org.testng.TestRunner.run(TestRunner.java:585)
at org.testng.SuiteRunner.runTest(SuiteRunner.java:384)
at org.testng.SuiteRunner.runSequentially(SuiteRunner.java:378)
at org.testng.SuiteRunner.privateRun(SuiteRunner.java:337)
at org.testng.SuiteRunner.run(SuiteRunner.java:286)
at org.testng.SuiteRunnerWorker.runSuite(SuiteRunnerWorker.java:53)
at org.testng.SuiteRunnerWorker.run(SuiteRunnerWorker.java:96)
at org.testng.TestNG.runSuitesSequentially(TestNG.java:1218)
at org.testng.TestNG.runSuitesLocally(TestNG.java:1140)
at org.testng.TestNG.runSuites(TestNG.java:1069)
at org.testng.TestNG.run(TestNG.java:1037)
at org.testng.remote.AbstractRemoteTestNG.run(AbstractRemoteTestNG.java:115)
at org.testng.remote.RemoteTestNG.initAndRun(RemoteTestNG.java:251)
at org.testng.remote.RemoteTestNG.main(RemoteTestNG.java:77)
]]>
            </full-stacktrace>
          </exception> <!-- org.openqa.selenium.NoSuchElementException -->
          <reporter-output>
          </reporter-output>
        </test-method> <!-- NavigationToNewReleasesTest -->
        <test-method is-config="true" signature="tearDown()[pri:0, instance:test.NavigationTests@a2431d0]" started-at="2021-01-31T21:49:44 GMT-05:00" name="tearDown" finished-at="2021-01-31T21:49:45 GMT-05:00" duration-ms="1234" status="PASS">
          <reporter-output>
          </reporter-output>
        </test-method> <!-- tearDown -->
        <test-method is-config="true" signature="launchURL()[pri:0, instance:test.NavigationTests@a2431d0]" started-at="2021-01-31T21:49:45 GMT-05:00" name="launchURL" finished-at="2021-01-31T21:49:55 GMT-05:00" duration-ms="9606" status="PASS">
          <reporter-output>
          </reporter-output>
        </test-method> <!-- launchURL -->
        <test-method signature="wishlistNavigationTest()[pri:0, instance:test.NavigationTests@a2431d0]" started-at="2021-01-31T21:49:55 GMT-05:00" name="wishlistNavigationTest" description="Navigation to wishlist test" finished-at="2021-01-31T21:49:59 GMT-05:00" duration-ms="4346" status="PASS">
          <reporter-output>
          </reporter-output>
        </test-method> <!-- wishlistNavigationTest -->
        <test-method is-config="true" signature="tearDown()[pri:0, instance:test.NavigationTests@a2431d0]" started-at="2021-01-31T21:49:59 GMT-05:00" name="tearDown" finished-at="2021-01-31T21:50:01 GMT-05:00" duration-ms="1662" status="PASS">
          <reporter-output>
          </reporter-output>
        </test-method> <!-- tearDown -->
      </class> <!-- test.NavigationTests -->
      <class name="test.LoginTest">
        <test-method is-config="true" signature="launchURL()[pri:0, instance:test.LoginTest@34f5090e]" started-at="2021-01-31T21:48:55 GMT-05:00" name="launchURL" finished-at="2021-01-31T21:49:03 GMT-05:00" duration-ms="8089" status="PASS">
          <reporter-output>
          </reporter-output>
        </test-method> <!-- launchURL -->
        <test-method signature="invalidEmailTest(java.lang.String)[pri:0, instance:test.LoginTest@34f5090e]" started-at="2021-01-31T21:49:03 GMT-05:00" name="invalidEmailTest" description="Invalid email test" finished-at="2021-01-31T21:49:08 GMT-05:00" duration-ms="4416" status="PASS">
          <params>
            <param index="0">
              <value>
                <![CDATA[invalidEmail]]>
              </value>
            </param>
          </params>
          <reporter-output>
          </reporter-output>
        </test-method> <!-- invalidEmailTest -->
        <test-method is-config="true" signature="tearDown()[pri:0, instance:test.LoginTest@34f5090e]" started-at="2021-01-31T21:49:08 GMT-05:00" name="tearDown" finished-at="2021-01-31T21:49:08 GMT-05:00" duration-ms="822" status="PASS">
          <reporter-output>
          </reporter-output>
        </test-method> <!-- tearDown -->
      </class> <!-- test.LoginTest -->
      <class name="test.UrlAndTitleTest">
        <test-method is-config="true" signature="launchURL()[pri:0, instance:test.UrlAndTitleTest@31e5415e]" started-at="2021-01-31T21:49:08 GMT-05:00" name="launchURL" finished-at="2021-01-31T21:49:17 GMT-05:00" duration-ms="8281" status="PASS">
          <reporter-output>
          </reporter-output>
        </test-method> <!-- launchURL -->
        <test-method signature="urlAndTitleTest()[pri:0, instance:test.UrlAndTitleTest@31e5415e]" started-at="2021-01-31T21:49:17 GMT-05:00" name="urlAndTitleTest" description="URL and title test" finished-at="2021-01-31T21:49:17 GMT-05:00" duration-ms="268" status="PASS">
          <reporter-output>
          </reporter-output>
        </test-method> <!-- urlAndTitleTest -->
        <test-method is-config="true" signature="tearDown()[pri:0, instance:test.UrlAndTitleTest@31e5415e]" started-at="2021-01-31T21:49:17 GMT-05:00" name="tearDown" finished-at="2021-01-31T21:49:18 GMT-05:00" duration-ms="844" status="PASS">
          <reporter-output>
          </reporter-output>
        </test-method> <!-- tearDown -->
      </class> <!-- test.UrlAndTitleTest -->
    </test> <!-- invalid Email Test -->
  </suite> <!-- Suite -->
</testng-results>
